[2022-10-12 13:49:30] local.INFO:   
[2022-10-12 13:49:30] local.INFO:   
[2022-10-12 13:49:30] local.INFO:   
[2022-10-12 13:49:30] local.INFO:   
[2022-10-12 13:49:30] local.INFO:   
[2022-10-12 13:49:30] local.INFO:   
[2022-10-12 13:49:30] local.INFO:   
[2022-10-12 13:49:30] local.INFO:   
[2022-10-12 13:49:31] local.INFO:   
[2022-10-12 13:49:31] local.INFO:   
[2022-10-12 13:49:31] local.INFO:   
[2022-10-12 13:49:31] local.INFO:   
[2022-10-12 13:49:31] local.INFO:   
[2022-10-12 13:49:32] local.INFO:   
[2022-10-12 13:49:32] local.INFO:   
[2022-10-12 13:50:07] local.INFO:   
[2022-10-12 13:50:07] local.INFO:   
[2022-10-12 13:50:08] local.INFO:   
[2022-10-12 13:50:08] local.INFO:   
[2022-10-12 13:50:08] local.INFO:   
[2022-10-12 13:50:08] local.INFO:   
[2022-10-12 13:50:08] local.INFO:   
[2022-10-12 13:50:08] local.INFO:   
[2022-10-12 13:50:08] local.INFO:   
[2022-10-12 13:50:08] local.INFO:   
[2022-10-12 13:50:08] local.INFO:   
[2022-10-12 13:50:08] local.INFO:   
[2022-10-12 13:50:09] local.INFO:   
[2022-10-12 13:50:09] local.INFO:   
[2022-10-12 13:50:09] local.INFO:   
[2022-10-12 13:50:25] local.INFO:   
[2022-10-12 13:50:25] local.INFO:   
[2022-10-12 13:50:25] local.INFO:   
[2022-10-12 13:56:06] local.INFO:   
[2022-10-12 13:56:06] local.INFO:   
[2022-10-12 13:56:07] local.INFO:   
[2022-10-12 13:56:07] local.INFO:   
[2022-10-12 13:56:07] local.INFO:   
[2022-10-12 13:56:07] local.INFO:   
[2022-10-12 13:56:07] local.INFO:   
[2022-10-12 13:56:07] local.INFO:   
[2022-10-12 13:56:07] local.INFO:   
[2022-10-12 13:56:07] local.INFO:   
[2022-10-12 13:56:07] local.INFO:   
[2022-10-12 13:56:07] local.INFO:   
[2022-10-12 13:56:08] local.INFO:   
[2022-10-12 13:56:08] local.INFO:   
[2022-10-12 13:56:08] local.INFO:   
[2022-10-12 13:57:31] local.INFO:   
[2022-10-12 13:57:31] local.INFO:   
[2022-10-12 13:57:32] local.INFO:   
[2022-10-12 13:57:32] local.INFO:   
[2022-10-12 13:57:32] local.INFO:   
[2022-10-12 13:57:32] local.INFO:   
[2022-10-12 13:57:32] local.INFO:   
[2022-10-12 13:57:32] local.INFO:   
[2022-10-12 13:57:32] local.INFO:   
[2022-10-12 13:57:32] local.INFO:   
[2022-10-12 13:57:32] local.INFO:   
[2022-10-12 13:57:32] local.INFO:   
[2022-10-12 13:57:33] local.INFO:   
[2022-10-12 13:57:33] local.INFO:   
[2022-10-12 13:57:33] local.INFO:   
[2022-10-12 13:58:30] local.INFO:   
[2022-10-12 13:58:30] local.INFO:   
[2022-10-12 13:58:30] local.INFO:   
[2022-10-12 13:58:30] local.INFO:   
[2022-10-12 13:58:31] local.INFO:   
[2022-10-12 13:58:31] local.INFO:   
[2022-10-12 13:58:31] local.INFO:   
[2022-10-12 13:58:31] local.INFO:   
[2022-10-12 13:58:31] local.INFO:   
[2022-10-12 13:58:31] local.INFO:   
[2022-10-12 13:58:32] local.INFO:   
[2022-10-12 13:58:32] local.INFO:   
[2022-10-12 13:58:32] local.INFO:   
[2022-10-12 13:58:32] local.INFO:   
[2022-10-12 13:58:32] local.INFO:   
[2022-10-12 13:58:47] local.INFO:   
[2022-10-12 13:58:47] local.INFO:   
[2022-10-12 13:58:47] local.INFO:   
[2022-10-12 13:58:47] local.INFO:   
[2022-10-12 13:58:47] local.INFO:   
[2022-10-12 13:58:47] local.INFO:   
[2022-10-12 13:58:48] local.INFO:   
[2022-10-12 13:58:48] local.INFO:   
[2022-10-12 13:58:48] local.INFO:   
[2022-10-12 13:58:48] local.INFO:   
[2022-10-12 13:58:48] local.INFO:   
[2022-10-12 13:58:48] local.INFO:   
[2022-10-12 13:58:48] local.INFO:   
[2022-10-12 13:58:49] local.INFO:   
[2022-10-12 13:58:49] local.INFO:   
[2022-10-12 13:58:51] local.INFO:   
[2022-10-12 13:58:52] local.INFO:   
[2022-10-12 13:58:52] local.INFO:   
[2022-10-12 13:59:01] local.INFO:   
[2022-10-12 13:59:01] local.INFO:   
[2022-10-12 13:59:02] local.INFO:   
[2022-10-12 13:59:02] local.INFO:   
[2022-10-12 13:59:02] local.INFO:   
[2022-10-12 13:59:02] local.INFO:   
[2022-10-12 13:59:02] local.INFO:   
[2022-10-12 13:59:02] local.INFO:   
[2022-10-12 13:59:02] local.INFO:   
[2022-10-12 13:59:02] local.INFO:   
[2022-10-12 13:59:03] local.INFO:   
[2022-10-12 13:59:03] local.INFO:   
[2022-10-12 13:59:03] local.INFO:   
[2022-10-12 13:59:03] local.INFO:   
[2022-10-12 13:59:03] local.INFO:   
[2022-10-12 13:59:10] local.INFO:   
[2022-10-12 13:59:10] local.INFO:   
[2022-10-12 13:59:10] local.INFO:   
[2022-10-12 14:00:07] local.INFO:   
[2022-10-12 14:00:07] local.INFO:   
[2022-10-12 14:00:08] local.INFO:   
[2022-10-12 14:00:08] local.INFO:   
[2022-10-12 14:00:08] local.INFO:   
[2022-10-12 14:00:08] local.INFO:   
[2022-10-12 14:00:08] local.INFO:   
[2022-10-12 14:00:08] local.INFO:   
[2022-10-12 14:00:08] local.INFO:   
[2022-10-12 14:00:08] local.INFO:   
[2022-10-12 14:00:08] local.INFO:   
[2022-10-12 14:00:08] local.INFO:   
[2022-10-12 14:00:09] local.INFO:   
[2022-10-12 14:00:09] local.INFO:   
[2022-10-12 14:00:09] local.INFO:   
[2022-10-12 14:00:16] local.INFO:   
[2022-10-12 14:00:17] local.INFO:   
[2022-10-12 14:00:17] local.INFO:   
[2022-10-12 14:00:53] local.INFO:   
[2022-10-12 14:00:53] local.INFO:   
[2022-10-12 14:00:53] local.INFO:   
[2022-10-12 14:00:54] local.INFO:   
[2022-10-12 14:00:54] local.INFO:   
[2022-10-12 14:00:54] local.INFO:   
[2022-10-12 14:00:54] local.INFO:   
[2022-10-12 14:00:54] local.INFO:   
[2022-10-12 14:00:54] local.INFO:   
[2022-10-12 14:00:54] local.INFO:   
[2022-10-12 14:00:54] local.INFO:   
[2022-10-12 14:00:54] local.INFO:   
[2022-10-12 14:00:55] local.INFO:   
[2022-10-12 14:00:55] local.INFO:   
[2022-10-12 14:00:55] local.INFO:   
[2022-10-12 14:01:24] local.INFO:   
[2022-10-12 14:01:24] local.INFO:   
[2022-10-12 14:01:24] local.INFO:   
[2022-10-12 14:01:24] local.INFO:   
[2022-10-12 14:01:24] local.INFO:   
[2022-10-12 14:01:24] local.INFO:   
[2022-10-12 14:01:25] local.INFO:   
[2022-10-12 14:01:25] local.INFO:   
[2022-10-12 14:01:25] local.INFO:   
[2022-10-12 14:01:25] local.INFO:   
[2022-10-12 14:01:25] local.INFO:   
[2022-10-12 14:01:25] local.INFO:   
[2022-10-12 14:01:25] local.INFO:   
[2022-10-12 14:01:26] local.INFO:   
[2022-10-12 14:01:26] local.INFO:   
[2022-10-12 14:01:29] local.INFO:   
[2022-10-12 14:01:30] local.INFO:   
[2022-10-12 14:01:30] local.INFO:   
[2022-10-12 14:02:43] local.INFO:   
[2022-10-12 14:02:43] local.INFO:   
[2022-10-12 14:02:43] local.INFO:   
[2022-10-12 14:02:43] local.INFO:   
[2022-10-12 14:02:43] local.INFO:   
[2022-10-12 14:02:43] local.INFO:   
[2022-10-12 14:02:43] local.INFO:   
[2022-10-12 14:02:43] local.INFO:   
[2022-10-12 14:02:43] local.INFO:   
[2022-10-12 14:02:43] local.INFO:   
[2022-10-12 14:02:43] local.INFO:   
[2022-10-12 14:02:43] local.INFO:   
[2022-10-12 14:02:44] local.INFO:   
[2022-10-12 14:02:44] local.INFO:   
[2022-10-12 14:02:44] local.INFO:   
[2022-10-12 14:02:54] local.INFO:   
[2022-10-12 14:02:54] local.INFO:   
[2022-10-12 14:02:54] local.INFO:   
[2022-10-12 14:04:06] local.INFO:   
[2022-10-12 14:04:06] local.INFO:   
[2022-10-12 14:04:06] local.INFO:   
[2022-10-12 14:04:06] local.INFO:   
[2022-10-12 14:04:07] local.INFO:   
[2022-10-12 14:04:07] local.INFO:   
[2022-10-12 14:04:07] local.INFO:   
[2022-10-12 14:04:07] local.INFO:   
[2022-10-12 14:04:07] local.INFO:   
[2022-10-12 14:04:07] local.INFO:   
[2022-10-12 14:04:07] local.INFO:   
[2022-10-12 14:04:07] local.INFO:   
[2022-10-12 14:04:08] local.INFO:   
[2022-10-12 14:04:08] local.INFO:   
[2022-10-12 14:04:08] local.INFO:   
[2022-10-12 14:04:13] local.INFO:   
[2022-10-12 14:04:13] local.INFO:   
[2022-10-12 14:04:14] local.INFO:   
[2022-10-12 14:04:14] local.INFO:   
[2022-10-12 14:04:14] local.INFO:   
[2022-10-12 14:04:14] local.INFO:   
[2022-10-12 14:04:14] local.INFO:   
[2022-10-12 14:04:14] local.INFO:   
[2022-10-12 14:04:14] local.INFO:   
[2022-10-12 14:04:14] local.INFO:   
[2022-10-12 14:04:14] local.INFO:   
[2022-10-12 14:04:14] local.INFO:   
[2022-10-12 14:04:14] local.INFO:   
[2022-10-12 14:04:15] local.INFO:   
[2022-10-12 14:04:15] local.INFO:   
[2022-10-12 14:04:23] local.INFO:   
[2022-10-12 14:04:23] local.INFO:   
[2022-10-12 14:04:23] local.INFO:   
[2022-10-12 14:05:20] local.INFO:   
[2022-10-12 14:05:20] local.INFO:   
[2022-10-12 14:05:20] local.INFO:   
[2022-10-12 14:05:20] local.INFO:   
[2022-10-12 14:05:20] local.INFO:   
[2022-10-12 14:05:21] local.INFO:   
[2022-10-12 14:05:21] local.INFO:   
[2022-10-12 14:05:21] local.INFO:   
[2022-10-12 14:05:21] local.INFO:   
[2022-10-12 14:05:21] local.INFO:   
[2022-10-12 14:05:21] local.INFO:   
[2022-10-12 14:05:21] local.INFO:   
[2022-10-12 14:05:21] local.INFO:   
[2022-10-12 14:05:22] local.INFO:   
[2022-10-12 14:05:22] local.INFO:   
[2022-10-12 14:05:35] local.INFO:   
[2022-10-12 14:05:35] local.INFO:   
[2022-10-12 14:05:35] local.INFO:   
[2022-10-12 14:05:46] local.INFO:   
[2022-10-12 14:05:46] local.INFO:   
[2022-10-12 14:05:46] local.INFO:   
[2022-10-12 14:05:46] local.INFO: Array
(
    [0] => Array
        (
            [practice_id] => 14
            [role_id] => 9
            [assign_limit] => 23
            [caller_bench] => 23
        )

)
  
[2022-10-12 14:05:48] local.INFO: Default :arm_core  
[2022-10-12 14:05:48] local.INFO: Here DB arm_core  
[2022-10-12 14:05:48] local.INFO:   
[2022-10-12 14:05:48] local.INFO:   
[2022-10-12 14:05:57] local.INFO:   
[2022-10-12 14:05:57] local.INFO:   
[2022-10-12 14:05:57] local.INFO:   
[2022-10-12 14:05:57] local.INFO:   
[2022-10-12 14:05:57] local.INFO:   
[2022-10-12 14:05:57] local.INFO:   
[2022-10-12 14:05:58] local.INFO:   
[2022-10-12 14:05:58] local.INFO:   
[2022-10-12 14:05:58] local.INFO:   
[2022-10-12 14:05:58] local.INFO:   
[2022-10-12 14:05:58] local.INFO:   
[2022-10-12 14:05:58] local.INFO:   
[2022-10-12 14:05:58] local.INFO:   
[2022-10-12 14:05:58] local.INFO:   
[2022-10-12 14:05:58] local.INFO:   
[2022-10-12 14:06:01] local.INFO:   
[2022-10-12 14:06:01] local.INFO:   
[2022-10-12 14:06:01] local.INFO:   
[2022-10-12 14:06:16] local.INFO:   
[2022-10-12 14:06:16] local.INFO:   
[2022-10-12 14:06:16] local.INFO:   
[2022-10-12 14:06:17] local.INFO: Array
(
    [0] => Array
        (
            [practice_id] => 14
            [role_id] => 9
            [assign_limit] => 12
            [caller_bench] => 12
        )

)
  
[2022-10-12 14:06:17] local.INFO: Default :arm_core  
[2022-10-12 14:06:17] local.INFO: Here DB arm_core  
[2022-10-12 14:06:17] local.INFO:   
[2022-10-12 14:06:17] local.INFO:   
[2022-10-12 14:06:20] local.INFO:   
[2022-10-12 14:06:21] local.INFO:   
[2022-10-12 14:06:21] local.INFO:   
[2022-10-12 14:12:36] local.INFO:   
[2022-10-12 14:12:37] local.INFO:   
[2022-10-12 14:12:37] local.INFO:   
[2022-10-12 14:13:08] local.INFO:   
[2022-10-12 14:13:08] local.INFO:   
[2022-10-12 14:13:08] local.INFO:   
[2022-10-12 14:13:08] local.INFO:   
[2022-10-12 14:13:08] local.INFO:   
[2022-10-12 14:13:08] local.INFO:   
[2022-10-12 14:13:08] local.INFO:   
[2022-10-12 14:13:08] local.INFO:   
[2022-10-12 14:13:09] local.INFO:   
[2022-10-12 14:13:09] local.INFO:   
[2022-10-12 14:13:09] local.INFO:   
[2022-10-12 14:13:09] local.INFO:   
[2022-10-12 14:13:09] local.INFO:   
[2022-10-12 14:13:09] local.INFO:   
[2022-10-12 14:13:09] local.INFO:   
[2022-10-12 14:13:12] local.INFO:   
[2022-10-12 14:13:12] local.INFO:   
[2022-10-12 14:13:12] local.INFO:   
[2022-10-12 14:13:33] local.INFO:   
[2022-10-12 14:13:33] local.INFO:   
[2022-10-12 14:13:33] local.INFO:   
[2022-10-12 14:13:33] local.INFO: Array
(
    [0] => Array
        (
            [practice_id] => 14
            [role_id] => 4
            [assign_limit] => 12
            [caller_bench] => 12
        )

)
  
[2022-10-12 14:13:33] local.INFO: Default :arm_core  
[2022-10-12 14:13:33] local.INFO: Here DB arm_core  
[2022-10-12 14:13:34] local.INFO:   
[2022-10-12 14:13:34] local.INFO:   
[2022-10-12 14:13:37] local.INFO:   
[2022-10-12 14:13:37] local.INFO:   
[2022-10-12 14:13:37] local.INFO:   
[2022-10-12 14:13:43] local.INFO:   
[2022-10-12 14:13:44] local.INFO:   
[2022-10-12 14:13:44] local.INFO:   
[2022-10-12 14:13:44] local.INFO:   
[2022-10-12 14:13:45] local.INFO:   
[2022-10-12 14:13:45] local.INFO:   
[2022-10-12 14:13:46] local.INFO:   
[2022-10-12 14:13:46] local.INFO:   
[2022-10-12 14:13:46] local.INFO:   
[2022-10-12 14:13:46] local.INFO:   
[2022-10-12 14:13:46] local.INFO:   
[2022-10-12 14:13:47] local.INFO:   
[2022-10-12 14:13:47] local.INFO:   
[2022-10-12 14:13:47] local.INFO:   
[2022-10-12 14:13:47] local.INFO:   
[2022-10-12 14:13:47] local.INFO:   
[2022-10-12 14:13:47] local.INFO:   
[2022-10-12 14:13:56] local.INFO:   
[2022-10-12 14:13:56] local.INFO:   
[2022-10-12 14:13:56] local.INFO:   
[2022-10-12 14:14:15] local.INFO:   
[2022-10-12 14:14:15] local.INFO:   
[2022-10-12 14:14:15] local.INFO:   
[2022-10-12 14:14:15] local.INFO: Array
(
    [0] => Array
        (
            [practice_id] => 14
            [role_id] => 4
            [assign_limit] => 12
            [caller_bench] => 12
        )

)
  
[2022-10-12 14:14:15] local.INFO: Default :arm_core  
[2022-10-12 14:14:15] local.INFO: Here DB arm_core  
[2022-10-12 14:14:16] local.INFO:   
[2022-10-12 14:14:16] local.INFO:   
